<?xml version="1.0" encoding="UTF-8"?>
<testng-results skipped="0" failed="0" total="1" passed="1">
  <reporter-output>
  </reporter-output>
  <suite name="Default suite" duration-ms="95" started-at="2021-11-10T11:45:33Z" finished-at="2021-11-10T11:45:33Z">
    <groups>
    </groups>
    <test name="Default test" duration-ms="95" started-at="2021-11-10T11:45:33Z" finished-at="2021-11-10T11:45:33Z">
      <class name="javaStreams.Test1">
        <test-method status="PASS" signature="streamCollect()[pri:0, instance:javaStreams.Test1@5cc7c2a6]" name="streamCollect" duration-ms="72" started-at="2021-11-10T17:15:33Z" finished-at="2021-11-10T17:15:33Z">
          <reporter-output>
          </reporter-output>
        </test-method> <!-- streamCollect -->
      </class> <!-- javaStreams.Test1 -->
    </test> <!-- Default test -->
  </suite> <!-- Default suite -->
</testng-results>
